<?xml version="1.0" encoding="UTF-8"?>
<testng-results ignored="0" total="1" passed="1" failed="0" skipped="0">
  <reporter-output>
    <line>
      <![CDATA[Extent Report DirectoryC:\Users\arafa\eclipse-workspace\Maven_FrameWork_March_2021\Amazon\target\surefire-reports\html]]>
    </line>
  </reporter-output>
  <suite started-at="2021-03-20T19:37:36 EDT" name="AmazonTestSuite" finished-at="2021-03-20T19:38:08 EDT" duration-ms="31452">
    <groups>
    </groups>
    <test started-at="2021-03-20T19:37:36 EDT" name="Amazon HomePage Test Script " finished-at="2021-03-20T19:38:08 EDT" duration-ms="31452">
      <class name="homePageTest.TestHomePage">
        <test-method is-config="true" signature="extentSetup(org.testng.ITestContext)[pri:0, instance:homePageTest.TestHomePage@3d1cfad4]" started-at="2021-03-20T19:37:36 EDT" name="extentSetup" finished-at="2021-03-20T19:37:36 EDT" duration-ms="187" status="PASS">
          <params>
            <param index="0">
              <value>
                <![CDATA[org.testng.TestRunner@ae372b9]]>
              </value>
            </param>
          </params>
          <reporter-output>
            <line>
              <![CDATA[Extent Report DirectoryC:\Users\arafa\eclipse-workspace\Maven_FrameWork_March_2021\Amazon\target\surefire-reports\html]]>
            </line>
          </reporter-output>
        </test-method> <!-- extentSetup -->
        <test-method is-config="true" signature="setUp(boolean, java.lang.String, java.lang.String, java.lang.String, java.lang.String, java.lang.String, java.lang.String)[pri:0, instance:homePageTest.TestHomePage@3d1cfad4]" started-at="2021-03-20T19:37:36 EDT" name="setUp" finished-at="2021-03-20T19:37:47 EDT" duration-ms="10640" status="PASS">
          <params>
            <param index="0">
              <value>
                <![CDATA[true]]>
              </value>
            </param>
            <param index="1">
              <value>
                <![CDATA[browserStack]]>
              </value>
            </param>
            <param index="2">
              <value>
                <![CDATA[windows]]>
              </value>
            </param>
            <param index="3">
              <value>
                <![CDATA[8]]>
              </value>
            </param>
            <param index="4">
              <value>
                <![CDATA[chrome]]>
              </value>
            </param>
            <param index="5">
              <value>
                <![CDATA[75]]>
              </value>
            </param>
            <param index="6">
              <value>
                <![CDATA[https://www.amazon.com/]]>
              </value>
            </param>
          </params>
          <reporter-output>
          </reporter-output>
        </test-method> <!-- setUp -->
        <test-method is-config="true" signature="startExtent(java.lang.reflect.Method)[pri:0, instance:homePageTest.TestHomePage@3d1cfad4]" started-at="2021-03-20T19:37:47 EDT" name="startExtent" finished-at="2021-03-20T19:37:47 EDT" duration-ms="3" status="PASS">
          <params>
            <param index="0">
              <value>
                <![CDATA[public void homePageTest.TestHomePage.testSearchField() throws java.lang.InterruptedException]]>
              </value>
            </param>
          </params>
          <reporter-output>
          </reporter-output>
        </test-method> <!-- startExtent -->
        <test-method signature="testSearchField()[pri:0, instance:homePageTest.TestHomePage@3d1cfad4]" started-at="2021-03-20T19:37:47 EDT" name="testSearchField" finished-at="2021-03-20T19:38:07 EDT" duration-ms="19890" status="PASS">
          <reporter-output>
          </reporter-output>
        </test-method> <!-- testSearchField -->
        <test-method is-config="true" signature="afterEachTestMethod(org.testng.ITestResult)[pri:0, instance:homePageTest.TestHomePage@3d1cfad4]" started-at="2021-03-20T19:38:07 EDT" name="afterEachTestMethod" finished-at="2021-03-20T19:38:07 EDT" duration-ms="212" status="PASS">
          <params>
            <param index="0">
              <value>
                <![CDATA[[TestResult name=testSearchField status=SUCCESS method=TestHomePage.testSearchField()[pri:0, instance:homePageTest.TestHomePage@3d1cfad4] output={null}]]]>
              </value>
            </param>
          </params>
          <reporter-output>
          </reporter-output>
        </test-method> <!-- afterEachTestMethod -->
        <test-method is-config="true" signature="cleanUp()[pri:0, instance:homePageTest.TestHomePage@3d1cfad4]" started-at="2021-03-20T19:38:07 EDT" name="cleanUp" finished-at="2021-03-20T19:38:08 EDT" duration-ms="683" status="PASS">
          <reporter-output>
          </reporter-output>
        </test-method> <!-- cleanUp -->
        <test-method is-config="true" signature="generateReport()[pri:0, instance:homePageTest.TestHomePage@3d1cfad4]" started-at="2021-03-20T19:38:08 EDT" name="generateReport" finished-at="2021-03-20T19:38:08 EDT" duration-ms="29" status="PASS">
          <reporter-output>
          </reporter-output>
        </test-method> <!-- generateReport -->
      </class> <!-- homePageTest.TestHomePage -->
    </test> <!-- Amazon HomePage Test Script  -->
  </suite> <!-- AmazonTestSuite -->
</testng-results>
